2021-10-22 16:32:39.613  INFO 3996 --- [main] c.example.main.ElectiveMainApplication   : Starting ElectiveMainApplication using Java 17 on admin-PC with PID 3996 (E:\elective\elective-main\target\classes started by admin in E:\elective)
2021-10-22 16:32:39.613  INFO 3996 --- [main] c.example.main.ElectiveMainApplication   : No active profile set, falling back to default profiles: default
2021-10-22 16:32:40.383  INFO 3996 --- [main] c.e.e.service.impl.AdminServiceImpl      : Data file not found, start setting default admin account.
2021-10-22 16:32:40.773  WARN 3996 --- [main] org.jline                                : Unable to create a system terminal, creating a dumb terminal (enable debug logging for more information)
2021-10-22 16:32:40.882  INFO 3996 --- [main] c.example.main.ElectiveMainApplication   : Started ElectiveMainApplication in 2.036 seconds (JVM running for 4.32)
2021-10-22 16:35:16.886  INFO 2492 --- [main] c.example.main.ElectiveMainApplication   : Starting ElectiveMainApplication using Java 17 on admin-PC with PID 2492 (E:\elective\elective-main\target\classes started by admin in E:\elective)
2021-10-22 16:35:16.886  INFO 2492 --- [main] c.example.main.ElectiveMainApplication   : No active profile set, falling back to default profiles: default
2021-10-22 16:35:17.650  INFO 2492 --- [main] c.e.e.service.impl.AdminServiceImpl      : Data file not found, start setting default admin account.
2021-10-22 16:35:17.962  WARN 2492 --- [main] org.jline                                : Unable to create a system terminal, creating a dumb terminal (enable debug logging for more information)
2021-10-22 16:35:18.056  INFO 2492 --- [main] c.example.main.ElectiveMainApplication   : Started ElectiveMainApplication in 1.939 seconds (JVM running for 3.614)
2021-10-22 16:35:25.356  INFO 2492 --- [main] com.example.main.command.LoginCommand    : successfully logged in as type: ADMIN, account: admin
2021-10-22 16:35:28.196  INFO 2492 --- [SpringApplicationShutdownHook] c.e.e.service.impl.AdminServiceImpl      : Dumping current admin account to file: ./admin.json
2021-10-22 16:54:15.734  INFO 5524 --- [main] c.example.main.ElectiveMainApplication   : Starting ElectiveMainApplication using Java 17 on admin-PC with PID 5524 (E:\elective\elective-main\target\classes started by admin in E:\elective)
2021-10-22 16:54:15.734  INFO 5524 --- [main] c.example.main.ElectiveMainApplication   : No active profile set, falling back to default profiles: default
2021-10-22 16:54:16.535  INFO 5524 --- [main] c.e.e.service.impl.AdminServiceImpl      : Data file ./admin.json found, start loading current admin account.
2021-10-22 16:54:16.613  INFO 5524 --- [main] c.e.e.service.impl.TeacherServiceImpl    : Data file ./teacher.json not found, creating an empty list.
2021-10-22 16:54:17.018  WARN 5524 --- [main] org.jline                                : Unable to create a system terminal, creating a dumb terminal (enable debug logging for more information)
2021-10-22 16:54:17.112  INFO 5524 --- [main] c.example.main.ElectiveMainApplication   : Started ElectiveMainApplication in 2.21 seconds (JVM running for 3.918)
2021-10-22 16:54:27.767  INFO 5524 --- [SpringApplicationShutdownHook] c.e.e.service.impl.TeacherServiceImpl    : Dumping teacher data to file: ./teacher.json
2021-10-22 16:54:27.782  INFO 5524 --- [SpringApplicationShutdownHook] c.e.e.service.impl.AdminServiceImpl      : Dumping current admin account to file: ./admin.json
2021-10-22 17:00:43.850  INFO 2616 --- [main] c.example.main.ElectiveMainApplication   : Starting ElectiveMainApplication using Java 17 on admin-PC with PID 2616 (E:\elective\elective-main\target\classes started by admin in E:\elective)
2021-10-22 17:00:43.850  INFO 2616 --- [main] c.example.main.ElectiveMainApplication   : No active profile set, falling back to default profiles: default
2021-10-22 17:00:44.702  INFO 2616 --- [main] c.e.e.service.impl.AdminServiceImpl      : Data file ./admin.json found, start loading current admin account.
2021-10-22 17:00:44.780  INFO 2616 --- [main] c.e.e.service.impl.TeacherServiceImpl    : Data file ./teacher.json found, start loading teacher data.
2021-10-22 17:00:44.795  WARN 2616 --- [main] s.c.a.AnnotationConfigApplicationContext : Exception encountered during context initialization - cancelling refresh attempt: org.springframework.beans.factory.BeanCreationException: Error creating bean with name 'teacherServiceImpl' defined in file [E:\elective\elective-user\target\classes\com\example\electiveuser\service\impl\TeacherServiceImpl.class]: Invocation of init method failed; nested exception is java.lang.NullPointerException: Cannot invoke "java.util.Vector.addAll(java.util.Collection)" because "this.teachers" is null
2021-10-22 17:00:44.795  INFO 2616 --- [main] c.e.e.service.impl.AdminServiceImpl      : Dumping current admin account to file: ./admin.json
2021-10-22 17:00:44.811  INFO 2616 --- [main] ConditionEvaluationReportLoggingListener : 

Error starting ApplicationContext. To display the conditions report re-run your application with 'debug' enabled.
2021-10-22 17:00:44.842 ERROR 2616 --- [main] o.s.boot.SpringApplication               : Application run failed

org.springframework.beans.factory.BeanCreationException: Error creating bean with name 'teacherServiceImpl' defined in file [E:\elective\elective-user\target\classes\com\example\electiveuser\service\impl\TeacherServiceImpl.class]: Invocation of init method failed; nested exception is java.lang.NullPointerException: Cannot invoke "java.util.Vector.addAll(java.util.Collection)" because "this.teachers" is null
	at org.springframework.beans.factory.support.AbstractAutowireCapableBeanFactory.initializeBean(AbstractAutowireCapableBeanFactory.java:1804) ~[spring-beans-5.3.10.jar:5.3.10]
	at org.springframework.beans.factory.support.AbstractAutowireCapableBeanFactory.doCreateBean(AbstractAutowireCapableBeanFactory.java:620) ~[spring-beans-5.3.10.jar:5.3.10]
	at org.springframework.beans.factory.support.AbstractAutowireCapableBeanFactory.createBean(AbstractAutowireCapableBeanFactory.java:542) ~[spring-beans-5.3.10.jar:5.3.10]
	at org.springframework.beans.factory.support.AbstractBeanFactory.lambda$doGetBean$0(AbstractBeanFactory.java:335) ~[spring-beans-5.3.10.jar:5.3.10]
	at org.springframework.beans.factory.support.DefaultSingletonBeanRegistry.getSingleton(DefaultSingletonBeanRegistry.java:234) ~[spring-beans-5.3.10.jar:5.3.10]
	at org.springframework.beans.factory.support.AbstractBeanFactory.doGetBean(AbstractBeanFactory.java:333) ~[spring-beans-5.3.10.jar:5.3.10]
	at org.springframework.beans.factory.support.AbstractBeanFactory.getBean(AbstractBeanFactory.java:208) ~[spring-beans-5.3.10.jar:5.3.10]
	at org.springframework.beans.factory.support.DefaultListableBeanFactory.preInstantiateSingletons(DefaultListableBeanFactory.java:944) ~[spring-beans-5.3.10.jar:5.3.10]
	at org.springframework.context.support.AbstractApplicationContext.finishBeanFactoryInitialization(AbstractApplicationContext.java:918) ~[spring-context-5.3.10.jar:5.3.10]
	at org.springframework.context.support.AbstractApplicationContext.refresh(AbstractApplicationContext.java:583) ~[spring-context-5.3.10.jar:5.3.10]
	at org.springframework.boot.SpringApplication.refresh(SpringApplication.java:754) ~[spring-boot-2.5.5.jar:2.5.5]
	at org.springframework.boot.SpringApplication.refreshContext(SpringApplication.java:434) ~[spring-boot-2.5.5.jar:2.5.5]
	at org.springframework.boot.SpringApplication.run(SpringApplication.java:338) ~[spring-boot-2.5.5.jar:2.5.5]
	at org.springframework.boot.SpringApplication.run(SpringApplication.java:1343) ~[spring-boot-2.5.5.jar:2.5.5]
	at org.springframework.boot.SpringApplication.run(SpringApplication.java:1332) ~[spring-boot-2.5.5.jar:2.5.5]
	at com.example.main.ElectiveMainApplication.main(ElectiveMainApplication.java:24) ~[classes/:na]
Caused by: java.lang.NullPointerException: Cannot invoke "java.util.Vector.addAll(java.util.Collection)" because "this.teachers" is null
	at com.example.electiveuser.service.impl.TeacherServiceImpl.afterPropertiesSet(TeacherServiceImpl.java:44) ~[classes/:na]
	at org.springframework.beans.factory.support.AbstractAutowireCapableBeanFactory.invokeInitMethods(AbstractAutowireCapableBeanFactory.java:1863) ~[spring-beans-5.3.10.jar:5.3.10]
	at org.springframework.beans.factory.support.AbstractAutowireCapableBeanFactory.initializeBean(AbstractAutowireCapableBeanFactory.java:1800) ~[spring-beans-5.3.10.jar:5.3.10]
	... 15 common frames omitted

2021-10-22 17:01:45.975  INFO 2444 --- [main] c.example.main.ElectiveMainApplication   : Starting ElectiveMainApplication using Java 17 on admin-PC with PID 2444 (E:\elective\elective-main\target\classes started by admin in E:\elective)
2021-10-22 17:01:45.975  INFO 2444 --- [main] c.example.main.ElectiveMainApplication   : No active profile set, falling back to default profiles: default
2021-10-22 17:01:46.801  INFO 2444 --- [main] c.e.e.service.impl.AdminServiceImpl      : Data file ./admin.json found, start loading current admin account.
2021-10-22 17:01:46.864  INFO 2444 --- [main] c.e.e.service.impl.TeacherServiceImpl    : Data file ./teacher.json found, start loading teacher data.
2021-10-22 17:01:47.238  WARN 2444 --- [main] org.jline                                : Unable to create a system terminal, creating a dumb terminal (enable debug logging for more information)
2021-10-22 17:01:47.347  INFO 2444 --- [main] c.example.main.ElectiveMainApplication   : Started ElectiveMainApplication in 2.124 seconds (JVM running for 3.695)
2021-10-22 17:01:50.733  INFO 2444 --- [SpringApplicationShutdownHook] c.e.e.service.impl.TeacherServiceImpl    : Dumping teacher data to file: ./teacher.json
2021-10-22 17:01:50.748  INFO 2444 --- [SpringApplicationShutdownHook] c.e.e.service.impl.AdminServiceImpl      : Dumping current admin account to file: ./admin.json
2021-10-22 18:29:58.352  INFO 4420 --- [main] c.example.main.ElectiveMainApplication   : Starting ElectiveMainApplication using Java 17 on admin-PC with PID 4420 (E:\elective\elective-main\target\classes started by admin in E:\elective)
2021-10-22 18:29:58.383  INFO 4420 --- [main] c.example.main.ElectiveMainApplication   : No active profile set, falling back to default profiles: default
2021-10-22 18:30:00.981  INFO 4420 --- [main] c.e.e.service.impl.AdminServiceImpl      : Data file ./admin.json found, start loading current admin account.
2021-10-22 18:30:01.091  INFO 4420 --- [main] c.e.e.service.impl.TeacherServiceImpl    : Data file ./teacher.json found, start loading teacher data.
2021-10-22 18:30:02.173  WARN 4420 --- [main] org.jline                                : Unable to create a system terminal, creating a dumb terminal (enable debug logging for more information)
2021-10-22 18:30:02.389  INFO 4420 --- [main] c.example.main.ElectiveMainApplication   : Started ElectiveMainApplication in 5.505 seconds (JVM running for 9.639)
2021-10-22 18:30:49.376  INFO 3604 --- [main] c.example.main.ElectiveMainApplication   : Starting ElectiveMainApplication using Java 17 on admin-PC with PID 3604 (E:\elective\elective-main\target\classes started by admin in E:\elective)
2021-10-22 18:30:49.380  INFO 3604 --- [main] c.example.main.ElectiveMainApplication   : No active profile set, falling back to default profiles: default
2021-10-22 18:30:50.317  INFO 3604 --- [main] c.e.e.service.impl.AdminServiceImpl      : Data file ./admin.json found, start loading current admin account.
2021-10-22 18:30:50.375  INFO 3604 --- [main] c.e.e.service.impl.TeacherServiceImpl    : Data file ./teacher.json found, start loading teacher data.
2021-10-22 18:30:50.783  WARN 3604 --- [main] org.jline                                : Unable to create a system terminal, creating a dumb terminal (enable debug logging for more information)
2021-10-22 18:30:50.898  INFO 3604 --- [main] c.example.main.ElectiveMainApplication   : Started ElectiveMainApplication in 2.692 seconds (JVM running for 4.949)
2021-10-22 18:31:03.854  INFO 3604 --- [SpringApplicationShutdownHook] c.e.e.service.impl.TeacherServiceImpl    : Dumping teacher data to file: ./teacher.json
2021-10-22 18:31:03.869  INFO 3604 --- [SpringApplicationShutdownHook] c.e.e.service.impl.AdminServiceImpl      : Dumping current admin account to file: ./admin.json
2021-10-22 18:31:15.980  INFO 3728 --- [main] c.example.main.ElectiveMainApplication   : Starting ElectiveMainApplication using Java 17 on admin-PC with PID 3728 (E:\elective\elective-main\target\classes started by admin in E:\elective)
2021-10-22 18:31:15.988  INFO 3728 --- [main] c.example.main.ElectiveMainApplication   : No active profile set, falling back to default profiles: default
2021-10-22 18:31:17.222  INFO 3728 --- [main] c.e.e.service.impl.AdminServiceImpl      : Data file ./admin.json found, start loading current admin account.
2021-10-22 18:31:17.373  INFO 3728 --- [main] c.e.e.service.impl.TeacherServiceImpl    : Data file ./teacher.json found, start loading teacher data.
2021-10-22 18:31:36.934  WARN 3728 --- [main] org.jline                                : Unable to create a system terminal, creating a dumb terminal (enable debug logging for more information)
2021-10-22 18:31:37.255  INFO 3728 --- [main] c.example.main.ElectiveMainApplication   : Started ElectiveMainApplication in 22.308 seconds (JVM running for 25.669)
2021-10-22 18:31:40.257  INFO 3728 --- [SpringApplicationShutdownHook] c.e.e.service.impl.TeacherServiceImpl    : Dumping teacher data to file: ./teacher.json
2021-10-22 18:31:40.268  INFO 3728 --- [SpringApplicationShutdownHook] c.e.e.service.impl.AdminServiceImpl      : Dumping current admin account to file: ./admin.json
2021-10-22 19:04:39.592  INFO 7032 --- [main] c.example.main.ElectiveMainApplication   : Starting ElectiveMainApplication using Java 17 on admin-PC with PID 7032 (E:\elective\elective-main\target\classes started by admin in E:\elective)
2021-10-22 19:04:39.608  INFO 7032 --- [main] c.example.main.ElectiveMainApplication   : No active profile set, falling back to default profiles: default
2021-10-22 19:04:40.578  INFO 7032 --- [main] c.e.e.service.impl.AdminServiceImpl      : Data file ./admin.json found, start loading current admin account.
2021-10-22 19:04:40.641  INFO 7032 --- [main] c.e.e.service.impl.TeacherServiceImpl    : Data file ./teacher.json found, start loading teacher data.
2021-10-22 19:04:41.031  WARN 7032 --- [main] org.jline                                : Unable to create a system terminal, creating a dumb terminal (enable debug logging for more information)
2021-10-22 19:04:41.141  INFO 7032 --- [main] c.example.main.ElectiveMainApplication   : Started ElectiveMainApplication in 2.436 seconds (JVM running for 4.743)
2021-10-22 19:04:46.133  INFO 7032 --- [main] com.example.main.command.LoginCommand    : successfully logged in as type: ADMIN, account: admin
2021-10-22 19:05:58.888  INFO 7032 --- [SpringApplicationShutdownHook] c.e.e.service.impl.TeacherServiceImpl    : Dumping teacher data to file: ./teacher.json
2021-10-22 19:05:58.904  INFO 7032 --- [SpringApplicationShutdownHook] c.e.e.service.impl.AdminServiceImpl      : Dumping current admin account to file: ./admin.json
2021-10-22 19:06:10.997  INFO 7680 --- [main] c.example.main.ElectiveMainApplication   : Starting ElectiveMainApplication using Java 17 on admin-PC with PID 7680 (E:\elective\elective-main\target\classes started by admin in E:\elective)
2021-10-22 19:06:10.997  INFO 7680 --- [main] c.example.main.ElectiveMainApplication   : No active profile set, falling back to default profiles: default
2021-10-22 19:06:11.825  INFO 7680 --- [main] c.e.e.service.impl.AdminServiceImpl      : Data file ./admin.json found, start loading current admin account.
2021-10-22 19:06:11.872  INFO 7680 --- [main] c.e.e.service.impl.TeacherServiceImpl    : Data file ./teacher.json found, start loading teacher data.
2021-10-22 19:06:12.247  WARN 7680 --- [main] org.jline                                : Unable to create a system terminal, creating a dumb terminal (enable debug logging for more information)
2021-10-22 19:06:12.356  INFO 7680 --- [main] c.example.main.ElectiveMainApplication   : Started ElectiveMainApplication in 2.096 seconds (JVM running for 4.024)
2021-10-22 19:06:42.245  INFO 7680 --- [main] com.example.main.command.LoginCommand    : successfully logged in as type: ADMIN, account: admin
2021-10-22 19:06:54.257  INFO 7680 --- [main] com.example.main.command.AdminCommand    : Successfully updated admin account: lielie.
2021-10-22 19:07:16.052  INFO 7680 --- [main] com.example.main.command.LoginCommand    : successfully logged in as type: ADMIN, account: lielie
2021-10-22 19:08:00.964  INFO 7680 --- [main] com.example.main.command.LoginCommand    : successfully logged in as type: ADMIN, account: lielie
2021-10-22 19:08:10.714  INFO 7680 --- [main] com.example.main.command.AdminCommand    : Successfully updated admin account: admin.
2021-10-22 19:08:12.836  INFO 7680 --- [SpringApplicationShutdownHook] c.e.e.service.impl.TeacherServiceImpl    : Dumping teacher data to file: ./teacher.json
2021-10-22 19:08:12.851  INFO 7680 --- [SpringApplicationShutdownHook] c.e.e.service.impl.AdminServiceImpl      : Dumping current admin account to file: ./admin.json
2021-10-22 19:12:25.844  INFO 3556 --- [main] c.example.main.ElectiveMainApplication   : Starting ElectiveMainApplication using Java 17 on admin-PC with PID 3556 (E:\elective\elective-main\target\classes started by admin in E:\elective)
2021-10-22 19:12:25.844  INFO 3556 --- [main] c.example.main.ElectiveMainApplication   : No active profile set, falling back to default profiles: default
2021-10-22 19:12:26.771  INFO 3556 --- [main] c.e.e.service.impl.AdminServiceImpl      : Data file ./admin.json found, start loading current admin account.
2021-10-22 19:12:26.861  INFO 3556 --- [main] c.e.e.service.impl.TeacherServiceImpl    : Data file ./teacher.json found, start loading teacher data.
2021-10-22 19:12:27.251  WARN 3556 --- [main] org.jline                                : Unable to create a system terminal, creating a dumb terminal (enable debug logging for more information)
2021-10-22 19:12:27.378  INFO 3556 --- [main] c.example.main.ElectiveMainApplication   : Started ElectiveMainApplication in 2.65 seconds (JVM running for 4.946)
2021-10-22 19:12:31.970  INFO 3556 --- [main] com.example.main.command.LoginCommand    : Successfully logged in as type: ADMIN, account: admin
2021-10-22 19:12:43.951  INFO 3556 --- [SpringApplicationShutdownHook] c.e.e.service.impl.TeacherServiceImpl    : Dumping teacher data to file: ./teacher.json
2021-10-22 19:12:43.966  INFO 3556 --- [SpringApplicationShutdownHook] c.e.e.service.impl.AdminServiceImpl      : Dumping current admin account to file: ./admin.json
2021-10-22 19:14:11.175  INFO 4552 --- [main] c.example.main.ElectiveMainApplication   : Starting ElectiveMainApplication using Java 17 on admin-PC with PID 4552 (E:\elective\elective-main\target\classes started by admin in E:\elective)
2021-10-22 19:14:11.190  INFO 4552 --- [main] c.example.main.ElectiveMainApplication   : No active profile set, falling back to default profiles: default
2021-10-22 19:14:11.987  INFO 4552 --- [main] c.e.e.service.impl.AdminServiceImpl      : Data file ./admin.json found, start loading current admin account.
2021-10-22 19:14:12.034  INFO 4552 --- [main] c.e.e.service.impl.TeacherServiceImpl    : Data file ./teacher.json found, start loading teacher data.
2021-10-22 19:14:12.377  WARN 4552 --- [main] org.jline                                : Unable to create a system terminal, creating a dumb terminal (enable debug logging for more information)
2021-10-22 19:14:12.470  INFO 4552 --- [main] c.example.main.ElectiveMainApplication   : Started ElectiveMainApplication in 2.363 seconds (JVM running for 4.066)
2021-10-22 19:14:20.128  INFO 4552 --- [main] com.example.main.command.LoginCommand    : Successfully logged in as type: ADMIN, account: admin
2021-10-22 19:14:28.334  INFO 4552 --- [SpringApplicationShutdownHook] c.e.e.service.impl.TeacherServiceImpl    : Dumping teacher data to file: ./teacher.json
2021-10-22 19:14:28.349  INFO 4552 --- [SpringApplicationShutdownHook] c.e.e.service.impl.AdminServiceImpl      : Dumping current admin account to file: ./admin.json
2021-10-22 19:30:55.825  INFO 2828 --- [main] c.example.main.ElectiveMainApplication   : Starting ElectiveMainApplication using Java 17 on admin-PC with PID 2828 (E:\elective\elective-main\target\classes started by admin in E:\elective)
2021-10-22 19:30:55.841  INFO 2828 --- [main] c.example.main.ElectiveMainApplication   : No active profile set, falling back to default profiles: default
2021-10-22 19:30:56.622  INFO 2828 --- [main] c.e.e.service.impl.AdminServiceImpl      : Data file ./admin.json found, start loading current admin account.
2021-10-22 19:30:56.684  INFO 2828 --- [main] c.e.e.service.impl.TeacherServiceImpl    : Data file ./teacher.json found, start loading teacher data.
2021-10-22 19:30:57.059  WARN 2828 --- [main] org.jline                                : Unable to create a system terminal, creating a dumb terminal (enable debug logging for more information)
2021-10-22 19:30:57.215  INFO 2828 --- [main] c.example.main.ElectiveMainApplication   : Started ElectiveMainApplication in 2.212 seconds (JVM running for 4.134)
2021-10-22 19:31:02.035  INFO 2828 --- [main] com.example.main.command.LoginCommand    : Successfully logged in as type: ADMIN, account: admin
2021-10-22 19:31:30.646  INFO 2828 --- [main] com.example.main.command.AdminCommand    : Added teacher account: teacher1, name: 孙强, workId: 2019123
2021-10-22 19:31:42.533  INFO 2828 --- [SpringApplicationShutdownHook] c.e.e.service.impl.TeacherServiceImpl    : Dumping teacher data to file: ./teacher.json
2021-10-22 19:31:42.564  INFO 2828 --- [SpringApplicationShutdownHook] c.e.e.service.impl.AdminServiceImpl      : Dumping current admin account to file: ./admin.json
2021-10-22 19:33:55.864  INFO 6680 --- [main] c.example.main.ElectiveMainApplication   : Starting ElectiveMainApplication using Java 17 on admin-PC with PID 6680 (E:\elective\elective-main\target\classes started by admin in E:\elective)
2021-10-22 19:33:55.864  INFO 6680 --- [main] c.example.main.ElectiveMainApplication   : No active profile set, falling back to default profiles: default
2021-10-22 19:33:56.785  INFO 6680 --- [main] c.e.e.service.impl.AdminServiceImpl      : Data file ./admin.json found, start loading current admin account.
2021-10-22 19:33:56.847  INFO 6680 --- [main] c.e.e.service.impl.TeacherServiceImpl    : Data file ./teacher.json found, start loading teacher data.
2021-10-22 19:33:57.222  WARN 6680 --- [main] org.jline                                : Unable to create a system terminal, creating a dumb terminal (enable debug logging for more information)
2021-10-22 19:33:57.331  INFO 6680 --- [main] c.example.main.ElectiveMainApplication   : Started ElectiveMainApplication in 2.411 seconds (JVM running for 4.286)
2021-10-22 19:34:20.842  INFO 3824 --- [main] c.example.main.ElectiveMainApplication   : Starting ElectiveMainApplication using Java 17 on admin-PC with PID 3824 (E:\elective\elective-main\target\classes started by admin in E:\elective)
2021-10-22 19:34:20.842  INFO 3824 --- [main] c.example.main.ElectiveMainApplication   : No active profile set, falling back to default profiles: default
2021-10-22 19:34:21.670  INFO 3824 --- [main] c.e.e.service.impl.AdminServiceImpl      : Data file ./admin.json found, start loading current admin account.
2021-10-22 19:34:21.748  INFO 3824 --- [main] c.e.e.service.impl.TeacherServiceImpl    : Data file ./teacher.json found, start loading teacher data.
2021-10-22 19:34:22.075  WARN 3824 --- [main] org.jline                                : Unable to create a system terminal, creating a dumb terminal (enable debug logging for more information)
2021-10-22 19:34:22.184  INFO 3824 --- [main] c.example.main.ElectiveMainApplication   : Started ElectiveMainApplication in 2.284 seconds (JVM running for 4.266)
2021-10-22 19:34:26.771  INFO 3824 --- [main] com.example.main.command.LoginCommand    : Successfully logged in as type: ADMIN, account: admin
2021-10-22 19:34:34.212  INFO 3824 --- [SpringApplicationShutdownHook] c.e.e.service.impl.TeacherServiceImpl    : Dumping teacher data to file: ./teacher.json
2021-10-22 19:34:34.243  INFO 3824 --- [SpringApplicationShutdownHook] c.e.e.service.impl.AdminServiceImpl      : Dumping current admin account to file: ./admin.json
2021-10-22 19:36:22.051  INFO 5896 --- [main] c.example.main.ElectiveMainApplication   : Starting ElectiveMainApplication using Java 17 on admin-PC with PID 5896 (E:\elective\elective-main\target\classes started by admin in E:\elective)
2021-10-22 19:36:22.051  INFO 5896 --- [main] c.example.main.ElectiveMainApplication   : No active profile set, falling back to default profiles: default
2021-10-22 19:36:22.909  INFO 5896 --- [main] c.e.e.service.impl.AdminServiceImpl      : Data file ./admin.json found, start loading current admin account.
2021-10-22 19:36:22.971  INFO 5896 --- [main] c.e.e.service.impl.TeacherServiceImpl    : Data file ./teacher.json found, start loading teacher data.
2021-10-22 19:36:23.361  WARN 5896 --- [main] org.jline                                : Unable to create a system terminal, creating a dumb terminal (enable debug logging for more information)
2021-10-22 19:36:23.486  INFO 5896 --- [main] c.example.main.ElectiveMainApplication   : Started ElectiveMainApplication in 2.282 seconds (JVM running for 3.912)
2021-10-22 19:36:54.213  INFO 7624 --- [main] c.example.main.ElectiveMainApplication   : Starting ElectiveMainApplication using Java 17 on admin-PC with PID 7624 (E:\elective\elective-main\target\classes started by admin in E:\elective)
2021-10-22 19:36:54.229  INFO 7624 --- [main] c.example.main.ElectiveMainApplication   : No active profile set, falling back to default profiles: default
2021-10-22 19:36:55.009  INFO 7624 --- [main] c.e.e.service.impl.AdminServiceImpl      : Data file ./admin.json found, start loading current admin account.
2021-10-22 19:36:55.071  INFO 7624 --- [main] c.e.e.service.impl.TeacherServiceImpl    : Data file ./teacher.json found, start loading teacher data.
2021-10-22 19:36:55.383  WARN 7624 --- [main] org.jline                                : Unable to create a system terminal, creating a dumb terminal (enable debug logging for more information)
2021-10-22 19:36:55.492  INFO 7624 --- [main] c.example.main.ElectiveMainApplication   : Started ElectiveMainApplication in 2.167 seconds (JVM running for 3.805)
2021-10-22 19:37:21.561  INFO 7624 --- [main] com.example.main.command.LoginCommand    : Successfully logged in as type: ADMIN, account: admin
2021-10-22 19:38:45.726  INFO 7624 --- [SpringApplicationShutdownHook] c.e.e.service.impl.TeacherServiceImpl    : Dumping teacher data to file: ./teacher.json
2021-10-22 19:38:45.741  INFO 7624 --- [SpringApplicationShutdownHook] c.e.e.service.impl.AdminServiceImpl      : Dumping current admin account to file: ./admin.json
2021-10-22 19:42:33.762  INFO 4288 --- [main] c.example.main.ElectiveMainApplication   : Starting ElectiveMainApplication using Java 17 on admin-PC with PID 4288 (E:\elective\elective-main\target\classes started by admin in E:\elective)
2021-10-22 19:42:33.762  INFO 4288 --- [main] c.example.main.ElectiveMainApplication   : No active profile set, falling back to default profiles: default
2021-10-22 19:42:34.501  INFO 4288 --- [main] c.e.e.service.impl.AdminServiceImpl      : Data file ./admin.json found, start loading current admin account.
2021-10-22 19:42:34.563  INFO 4288 --- [main] c.e.e.service.impl.TeacherServiceImpl    : Data file ./teacher.json found, start loading teacher data.
2021-10-22 19:42:34.953  WARN 4288 --- [main] org.jline                                : Unable to create a system terminal, creating a dumb terminal (enable debug logging for more information)
2021-10-22 19:42:35.047  INFO 4288 --- [main] c.example.main.ElectiveMainApplication   : Started ElectiveMainApplication in 2.082 seconds (JVM running for 5.277)
2021-10-22 19:42:41.443  INFO 4288 --- [main] com.example.main.command.LoginCommand    : Successfully logged in as type: ADMIN, account: admin
2021-10-22 19:43:23.812  INFO 4288 --- [main] com.example.main.command.AdminCommand    : Added teacher account: teacher2, name: 郑培杰, workId: 2019124
2021-10-22 19:43:58.492  INFO 4288 --- [SpringApplicationShutdownHook] c.e.e.service.impl.TeacherServiceImpl    : Dumping teacher data to file: ./teacher.json
2021-10-22 19:43:58.523  INFO 4288 --- [SpringApplicationShutdownHook] c.e.e.service.impl.AdminServiceImpl      : Dumping current admin account to file: ./admin.json
2021-10-22 20:00:07.268  INFO 7628 --- [main] c.example.main.ElectiveMainApplication   : Starting ElectiveMainApplication using Java 17 on admin-PC with PID 7628 (E:\elective\elective-main\target\classes started by admin in E:\elective)
2021-10-22 20:00:07.268  INFO 7628 --- [main] c.example.main.ElectiveMainApplication   : No active profile set, falling back to default profiles: default
2021-10-22 20:00:08.130  INFO 7628 --- [main] c.e.e.service.impl.AdminServiceImpl      : Data file ./admin.json found, start loading current admin account.
2021-10-22 20:00:08.193  INFO 7628 --- [main] c.e.e.service.impl.TeacherServiceImpl    : Data file ./teacher.json found, start loading teacher data.
2021-10-22 20:00:08.584  WARN 7628 --- [main] org.jline                                : Unable to create a system terminal, creating a dumb terminal (enable debug logging for more information)
2021-10-22 20:00:08.709  INFO 7628 --- [main] c.example.main.ElectiveMainApplication   : Started ElectiveMainApplication in 2.369 seconds (JVM running for 4.882)
2021-10-22 20:00:13.763  INFO 7628 --- [main] com.example.main.command.LoginCommand    : Successfully logged in as type: ADMIN, account: admin
2021-10-22 20:00:18.271  INFO 7628 --- [SpringApplicationShutdownHook] c.e.e.service.impl.TeacherServiceImpl    : Dumping teacher data to file: ./teacher.json
2021-10-22 20:00:18.287  INFO 7628 --- [SpringApplicationShutdownHook] c.e.e.service.impl.AdminServiceImpl      : Dumping current admin account to file: ./admin.json
2021-10-22 20:01:13.603  INFO 7160 --- [main] c.example.main.ElectiveMainApplication   : Starting ElectiveMainApplication using Java 17 on admin-PC with PID 7160 (E:\elective\elective-main\target\classes started by admin in E:\elective)
2021-10-22 20:01:13.603  INFO 7160 --- [main] c.example.main.ElectiveMainApplication   : No active profile set, falling back to default profiles: default
2021-10-22 20:01:14.274  INFO 7160 --- [main] c.e.e.service.impl.AdminServiceImpl      : Data file ./admin.json found, start loading current admin account.
2021-10-22 20:01:14.321  INFO 7160 --- [main] c.e.e.service.impl.TeacherServiceImpl    : Data file ./teacher.json found, start loading teacher data.
2021-10-22 20:01:14.664  WARN 7160 --- [main] org.jline                                : Unable to create a system terminal, creating a dumb terminal (enable debug logging for more information)
2021-10-22 20:01:14.773  INFO 7160 --- [main] c.example.main.ElectiveMainApplication   : Started ElectiveMainApplication in 1.882 seconds (JVM running for 3.738)
2021-10-22 20:01:27.332  INFO 4528 --- [main] c.example.main.ElectiveMainApplication   : Starting ElectiveMainApplication using Java 17 on admin-PC with PID 4528 (E:\elective\elective-main\target\classes started by admin in E:\elective)
2021-10-22 20:01:27.332  INFO 4528 --- [main] c.example.main.ElectiveMainApplication   : No active profile set, falling back to default profiles: default
2021-10-22 20:01:27.987  INFO 4528 --- [main] c.e.e.service.impl.AdminServiceImpl      : Data file ./admin.json found, start loading current admin account.
2021-10-22 20:01:28.049  INFO 4528 --- [main] c.e.e.service.impl.TeacherServiceImpl    : Data file ./teacher.json found, start loading teacher data.
2021-10-22 20:01:28.393  WARN 4528 --- [main] org.jline                                : Unable to create a system terminal, creating a dumb terminal (enable debug logging for more information)
2021-10-22 20:01:28.502  INFO 4528 --- [main] c.example.main.ElectiveMainApplication   : Started ElectiveMainApplication in 1.893 seconds (JVM running for 4.278)
2021-10-22 20:01:33.323  INFO 4528 --- [main] com.example.main.command.LoginCommand    : Successfully logged in as type: ADMIN, account: admin
2021-10-22 20:01:54.274  INFO 4528 --- [SpringApplicationShutdownHook] c.e.e.service.impl.TeacherServiceImpl    : Dumping teacher data to file: ./teacher.json
2021-10-22 20:01:54.290  INFO 4528 --- [SpringApplicationShutdownHook] c.e.e.service.impl.AdminServiceImpl      : Dumping current admin account to file: ./admin.json
2021-10-22 20:05:18.620  INFO 7828 --- [main] c.example.main.ElectiveMainApplication   : Starting ElectiveMainApplication using Java 17 on admin-PC with PID 7828 (E:\elective\elective-main\target\classes started by admin in E:\elective)
2021-10-22 20:05:18.624  INFO 7828 --- [main] c.example.main.ElectiveMainApplication   : No active profile set, falling back to default profiles: default
2021-10-22 20:05:20.544  INFO 7828 --- [main] c.e.e.service.impl.AdminServiceImpl      : Data file ./admin.json found, start loading current admin account.
2021-10-22 20:05:20.620  INFO 7828 --- [main] c.e.e.service.impl.TeacherServiceImpl    : Data file ./teacher.json found, start loading teacher data.
2021-10-22 20:05:21.314  WARN 7828 --- [main] org.jline                                : Unable to create a system terminal, creating a dumb terminal (enable debug logging for more information)
2021-10-22 20:05:21.475  INFO 7828 --- [main] c.example.main.ElectiveMainApplication   : Started ElectiveMainApplication in 7.245 seconds (JVM running for 11.183)
2021-10-22 20:06:04.008  INFO 7828 --- [SpringApplicationShutdownHook] c.e.e.service.impl.TeacherServiceImpl    : Dumping teacher data to file: ./teacher.json
2021-10-22 20:06:04.023  INFO 7828 --- [SpringApplicationShutdownHook] c.e.e.service.impl.AdminServiceImpl      : Dumping current admin account to file: ./admin.json
2021-10-22 20:06:15.285  INFO 1936 --- [main] c.example.main.ElectiveMainApplication   : Starting ElectiveMainApplication using Java 17 on admin-PC with PID 1936 (E:\elective\elective-main\target\classes started by admin in E:\elective)
2021-10-22 20:06:15.289  INFO 1936 --- [main] c.example.main.ElectiveMainApplication   : No active profile set, falling back to default profiles: default
2021-10-22 20:06:16.192  INFO 1936 --- [main] c.e.e.service.impl.AdminServiceImpl      : Data file ./admin.json found, start loading current admin account.
2021-10-22 20:06:16.254  INFO 1936 --- [main] c.e.e.service.impl.TeacherServiceImpl    : Data file ./teacher.json found, start loading teacher data.
2021-10-22 20:06:16.582  WARN 1936 --- [main] org.jline                                : Unable to create a system terminal, creating a dumb terminal (enable debug logging for more information)
2021-10-22 20:06:16.707  INFO 1936 --- [main] c.example.main.ElectiveMainApplication   : Started ElectiveMainApplication in 2.32 seconds (JVM running for 3.935)
2021-10-22 20:06:23.134  INFO 1936 --- [main] com.example.main.command.LoginCommand    : Successfully logged in as type: ADMIN, account: admin
2021-10-22 20:06:44.007  INFO 1936 --- [main] com.example.main.command.AdminCommand    : Added teacher account: teacher2, name: 郑培杰, workId: 2019124.
2021-10-22 20:06:54.209  INFO 1936 --- [main] com.example.main.command.AdminCommand    : Removed teacher with workId: 2019124
2021-10-22 20:06:58.203  INFO 1936 --- [SpringApplicationShutdownHook] c.e.e.service.impl.TeacherServiceImpl    : Dumping teacher data to file: ./teacher.json
2021-10-22 20:06:58.218  INFO 1936 --- [SpringApplicationShutdownHook] c.e.e.service.impl.AdminServiceImpl      : Dumping current admin account to file: ./admin.json
2021-10-22 20:20:21.934  INFO 7276 --- [main] c.example.main.ElectiveMainApplication   : Starting ElectiveMainApplication using Java 17 on admin-PC with PID 7276 (E:\elective\elective-main\target\classes started by admin in E:\elective)
2021-10-22 20:20:21.950  INFO 7276 --- [main] c.example.main.ElectiveMainApplication   : No active profile set, falling back to default profiles: default
2021-10-22 20:20:22.701  INFO 7276 --- [main] c.e.e.service.impl.AdminServiceImpl      : Data file ./admin.json found, start loading current admin account.
2021-10-22 20:20:22.748  INFO 7276 --- [main] c.e.e.service.impl.TeacherServiceImpl    : Data file ./teacher.json found, start loading teacher data.
2021-10-22 20:20:23.123  WARN 7276 --- [main] org.jline                                : Unable to create a system terminal, creating a dumb terminal (enable debug logging for more information)
2021-10-22 20:20:23.263  INFO 7276 --- [main] c.example.main.ElectiveMainApplication   : Started ElectiveMainApplication in 2.48 seconds (JVM running for 4.535)
2021-10-22 20:20:33.699  INFO 7276 --- [main] com.example.main.command.LoginCommand    : Successfully logged in as type: ADMIN, account: admin
2021-10-22 20:20:55.617  INFO 7276 --- [SpringApplicationShutdownHook] c.e.e.service.impl.TeacherServiceImpl    : Dumping teacher data to file: ./teacher.json
2021-10-22 20:20:55.649  INFO 7276 --- [SpringApplicationShutdownHook] c.e.e.service.impl.AdminServiceImpl      : Dumping current admin account to file: ./admin.json
2021-10-22 20:22:21.581  INFO 6788 --- [main] c.example.main.ElectiveMainApplication   : Starting ElectiveMainApplication using Java 17 on admin-PC with PID 6788 (E:\elective\elective-main\target\classes started by admin in E:\elective)
2021-10-22 20:22:21.581  INFO 6788 --- [main] c.example.main.ElectiveMainApplication   : No active profile set, falling back to default profiles: default
2021-10-22 20:22:22.395  INFO 6788 --- [main] c.e.e.service.impl.AdminServiceImpl      : Data file ./admin.json found, start loading current admin account.
2021-10-22 20:22:22.488  INFO 6788 --- [main] c.e.e.service.impl.TeacherServiceImpl    : Data file ./teacher.json found, start loading teacher data.
2021-10-22 20:22:22.863  WARN 6788 --- [main] org.jline                                : Unable to create a system terminal, creating a dumb terminal (enable debug logging for more information)
2021-10-22 20:22:22.987  INFO 6788 --- [main] c.example.main.ElectiveMainApplication   : Started ElectiveMainApplication in 2.368 seconds (JVM running for 3.96)
2021-10-22 20:22:25.437  INFO 6788 --- [SpringApplicationShutdownHook] c.e.e.service.impl.TeacherServiceImpl    : Dumping teacher data to file: ./teacher.json
2021-10-22 20:22:25.452  INFO 6788 --- [SpringApplicationShutdownHook] c.e.e.service.impl.AdminServiceImpl      : Dumping current admin account to file: ./admin.json
2021-10-22 20:24:17.340  INFO 7188 --- [main] c.example.main.ElectiveMainApplication   : Starting ElectiveMainApplication using Java 17 on admin-PC with PID 7188 (E:\elective\elective-main\target\classes started by admin in E:\elective)
2021-10-22 20:24:17.356  INFO 7188 --- [main] c.example.main.ElectiveMainApplication   : No active profile set, falling back to default profiles: default
2021-10-22 20:24:18.447  INFO 7188 --- [main] c.e.e.service.impl.AdminServiceImpl      : Data file ./admin.json found, start loading current admin account.
2021-10-22 20:24:18.510  INFO 7188 --- [main] c.e.e.service.impl.TeacherServiceImpl    : Data file ./teacher.json found, start loading teacher data.
2021-10-22 20:24:18.931  WARN 7188 --- [main] org.jline                                : Unable to create a system terminal, creating a dumb terminal (enable debug logging for more information)
2021-10-22 20:24:19.040  INFO 7188 --- [main] c.example.main.ElectiveMainApplication   : Started ElectiveMainApplication in 2.528 seconds (JVM running for 4.753)
2021-10-22 20:24:24.048  INFO 7188 --- [main] com.example.main.command.LoginCommand    : Successfully logged in as type: ADMIN, account: admin
2021-10-22 20:24:29.181  INFO 7188 --- [main] com.example.main.command.AdminCommand    : Successfully reset password of teacher: 2019123
2021-10-22 20:24:33.331  INFO 7188 --- [SpringApplicationShutdownHook] c.e.e.service.impl.TeacherServiceImpl    : Dumping teacher data to file: ./teacher.json
2021-10-22 20:24:33.362  INFO 7188 --- [SpringApplicationShutdownHook] c.e.e.service.impl.AdminServiceImpl      : Dumping current admin account to file: ./admin.json
2021-10-22 20:25:19.999  INFO 7332 --- [main] c.example.main.ElectiveMainApplication   : Starting ElectiveMainApplication using Java 17 on admin-PC with PID 7332 (E:\elective\elective-main\target\classes started by admin in E:\elective)
2021-10-22 20:25:19.999  INFO 7332 --- [main] c.example.main.ElectiveMainApplication   : No active profile set, falling back to default profiles: default
2021-10-22 20:25:21.158  INFO 7332 --- [main] c.e.e.service.impl.AdminServiceImpl      : Data file ./admin.json found, start loading current admin account.
2021-10-22 20:25:21.346  INFO 7332 --- [main] c.e.e.service.impl.TeacherServiceImpl    : Data file ./teacher.json found, start loading teacher data.
2021-10-22 20:25:21.814  WARN 7332 --- [main] org.jline                                : Unable to create a system terminal, creating a dumb terminal (enable debug logging for more information)
2021-10-22 20:25:21.985  INFO 7332 --- [main] c.example.main.ElectiveMainApplication   : Started ElectiveMainApplication in 3.151 seconds (JVM running for 5.953)
2021-10-22 20:25:31.891  INFO 7332 --- [main] com.example.main.command.LoginCommand    : Successfully logged in as type: ADMIN, account: admin
2021-10-22 20:26:13.902  INFO 7332 --- [main] com.example.main.command.AdminCommand    : Successfully reset password of teacher: 2019123
2021-10-22 20:26:17.412  INFO 7332 --- [SpringApplicationShutdownHook] c.e.e.service.impl.TeacherServiceImpl    : Dumping teacher data to file: ./teacher.json
2021-10-22 20:26:17.443  INFO 7332 --- [SpringApplicationShutdownHook] c.e.e.service.impl.AdminServiceImpl      : Dumping current admin account to file: ./admin.json
2021-10-22 20:27:30.127  INFO 7964 --- [main] c.example.main.ElectiveMainApplication   : Starting ElectiveMainApplication using Java 17 on admin-PC with PID 7964 (E:\elective\elective-main\target\classes started by admin in E:\elective)
2021-10-22 20:27:30.127  INFO 7964 --- [main] c.example.main.ElectiveMainApplication   : No active profile set, falling back to default profiles: default
2021-10-22 20:27:31.019  INFO 7964 --- [main] c.e.e.service.impl.AdminServiceImpl      : Data file ./admin.json found, start loading current admin account.
2021-10-22 20:27:31.066  INFO 7964 --- [main] c.e.e.service.impl.TeacherServiceImpl    : Data file ./teacher.json found, start loading teacher data.
2021-10-22 20:27:31.456  WARN 7964 --- [main] org.jline                                : Unable to create a system terminal, creating a dumb terminal (enable debug logging for more information)
2021-10-22 20:27:31.581  INFO 7964 --- [main] c.example.main.ElectiveMainApplication   : Started ElectiveMainApplication in 2.278 seconds (JVM running for 4.067)
2021-10-22 20:27:50.707  INFO 7964 --- [main] com.example.main.command.LoginCommand    : Successfully logged in as type: ADMIN, account: admin
2021-10-22 20:27:56.526  INFO 7964 --- [main] com.example.main.command.AdminCommand    : Successfully reset password of teacher: 2019123
2021-10-22 20:28:11.814  INFO 7964 --- [SpringApplicationShutdownHook] c.e.e.service.impl.TeacherServiceImpl    : Dumping teacher data to file: ./teacher.json
2021-10-22 20:28:11.845  INFO 7964 --- [SpringApplicationShutdownHook] c.e.e.service.impl.AdminServiceImpl      : Dumping current admin account to file: ./admin.json
2021-10-22 20:42:47.514  INFO 4440 --- [main] c.example.main.ElectiveMainApplication   : Starting ElectiveMainApplication using Java 17 on admin-PC with PID 4440 (E:\elective\elective-main\target\classes started by admin in E:\elective)
2021-10-22 20:42:47.514  INFO 4440 --- [main] c.example.main.ElectiveMainApplication   : No active profile set, falling back to default profiles: default
2021-10-22 20:42:48.307  INFO 4440 --- [main] c.e.e.service.impl.AdminServiceImpl      : Data file ./admin.json found, start loading current admin account.
2021-10-22 20:42:48.369  INFO 4440 --- [main] c.e.e.service.impl.TeacherServiceImpl    : Data file ./teacher.json found, start loading teacher data.
2021-10-22 20:42:48.744  WARN 4440 --- [main] org.jline                                : Unable to create a system terminal, creating a dumb terminal (enable debug logging for more information)
2021-10-22 20:42:48.868  INFO 4440 --- [main] c.example.main.ElectiveMainApplication   : Started ElectiveMainApplication in 2.234 seconds (JVM running for 4.047)
2021-10-22 20:44:19.335  INFO 4440 --- [main] com.example.main.command.LoginCommand    : Successfully logged in as type: ADMIN, account: admin
2021-10-22 20:44:37.602  INFO 4440 --- [SpringApplicationShutdownHook] c.e.e.service.impl.TeacherServiceImpl    : Dumping teacher data to file: ./teacher.json
2021-10-22 20:44:37.634  INFO 4440 --- [SpringApplicationShutdownHook] c.e.e.service.impl.AdminServiceImpl      : Dumping current admin account to file: ./admin.json
2021-10-22 20:46:18.407  INFO 2508 --- [main] c.example.main.ElectiveMainApplication   : Starting ElectiveMainApplication using Java 17 on admin-PC with PID 2508 (E:\elective\elective-main\target\classes started by admin in E:\elective)
2021-10-22 20:46:18.423  INFO 2508 --- [main] c.example.main.ElectiveMainApplication   : No active profile set, falling back to default profiles: default
2021-10-22 20:46:19.141  INFO 2508 --- [main] c.e.e.service.impl.AdminServiceImpl      : Data file ./admin.json found, start loading current admin account.
2021-10-22 20:46:19.187  INFO 2508 --- [main] c.e.e.service.impl.TeacherServiceImpl    : Data file ./teacher.json found, start loading teacher data.
2021-10-22 20:46:19.562  WARN 2508 --- [main] org.jline                                : Unable to create a system terminal, creating a dumb terminal (enable debug logging for more information)
2021-10-22 20:46:19.671  INFO 2508 --- [main] c.example.main.ElectiveMainApplication   : Started ElectiveMainApplication in 2.096 seconds (JVM running for 3.394)
2021-10-22 20:46:47.423  INFO 2508 --- [main] com.example.main.command.LoginCommand    : Successfully logged in as type: ADMIN, account: admin
2021-10-22 20:47:53.225  INFO 2508 --- [SpringApplicationShutdownHook] c.e.e.service.impl.TeacherServiceImpl    : Dumping teacher data to file: ./teacher.json
2021-10-22 20:47:53.241  INFO 2508 --- [SpringApplicationShutdownHook] c.e.e.service.impl.AdminServiceImpl      : Dumping current admin account to file: ./admin.json
2021-10-22 20:48:01.438  INFO 7644 --- [main] c.example.main.ElectiveMainApplication   : Starting ElectiveMainApplication using Java 17 on admin-PC with PID 7644 (E:\elective\elective-main\target\classes started by admin in E:\elective)
2021-10-22 20:48:01.438  INFO 7644 --- [main] c.example.main.ElectiveMainApplication   : No active profile set, falling back to default profiles: default
2021-10-22 20:48:02.312  INFO 7644 --- [main] c.e.e.service.impl.AdminServiceImpl      : Data file ./admin.json found, start loading current admin account.
2021-10-22 20:48:02.390  INFO 7644 --- [main] c.e.e.service.impl.TeacherServiceImpl    : Data file ./teacher.json found, start loading teacher data.
2021-10-22 20:48:02.812  WARN 7644 --- [main] org.jline                                : Unable to create a system terminal, creating a dumb terminal (enable debug logging for more information)
2021-10-22 20:48:02.999  INFO 7644 --- [main] c.example.main.ElectiveMainApplication   : Started ElectiveMainApplication in 2.378 seconds (JVM running for 4.534)
2021-10-22 20:51:11.191  INFO 7988 --- [main] c.example.main.ElectiveMainApplication   : Starting ElectiveMainApplication using Java 17 on admin-PC with PID 7988 (E:\elective\elective-main\target\classes started by admin in E:\elective)
2021-10-22 20:51:11.191  INFO 7988 --- [main] c.example.main.ElectiveMainApplication   : No active profile set, falling back to default profiles: default
2021-10-22 20:51:12.018  INFO 7988 --- [main] c.e.e.service.impl.AdminServiceImpl      : Data file ./admin.json found, start loading current admin account.
2021-10-22 20:51:12.096  INFO 7988 --- [main] c.e.e.service.impl.TeacherServiceImpl    : Data file ./teacher.json found, start loading teacher data.
2021-10-22 20:51:12.454  WARN 7988 --- [main] org.jline                                : Unable to create a system terminal, creating a dumb terminal (enable debug logging for more information)
2021-10-22 20:51:12.579  INFO 7988 --- [main] c.example.main.ElectiveMainApplication   : Started ElectiveMainApplication in 2.28 seconds (JVM running for 4.319)
2021-10-22 20:51:59.746  INFO 7988 --- [SpringApplicationShutdownHook] c.e.e.service.impl.TeacherServiceImpl    : Dumping teacher data to file: ./teacher.json
2021-10-22 20:51:59.777  INFO 7988 --- [SpringApplicationShutdownHook] c.e.e.service.impl.AdminServiceImpl      : Dumping current admin account to file: ./admin.json
2021-10-22 20:52:10.504  INFO 3168 --- [main] c.example.main.ElectiveMainApplication   : Starting ElectiveMainApplication using Java 17 on admin-PC with PID 3168 (E:\elective\elective-main\target\classes started by admin in E:\elective)
2021-10-22 20:52:10.519  INFO 3168 --- [main] c.example.main.ElectiveMainApplication   : No active profile set, falling back to default profiles: default
2021-10-22 20:52:11.237  INFO 3168 --- [main] c.e.e.service.impl.AdminServiceImpl      : Data file ./admin.json found, start loading current admin account.
2021-10-22 20:52:11.315  INFO 3168 --- [main] c.e.e.service.impl.TeacherServiceImpl    : Data file ./teacher.json found, start loading teacher data.
2021-10-22 20:52:11.658  WARN 3168 --- [main] org.jline                                : Unable to create a system terminal, creating a dumb terminal (enable debug logging for more information)
2021-10-22 20:52:11.767  INFO 3168 --- [main] c.example.main.ElectiveMainApplication   : Started ElectiveMainApplication in 2.228 seconds (JVM running for 3.694)
2021-10-22 20:52:24.638  INFO 3168 --- [main] com.example.main.command.LoginCommand    : Successfully logged in as type: TEACHER, account: teacher1
2021-10-22 20:52:29.365  INFO 3168 --- [SpringApplicationShutdownHook] c.e.e.service.impl.TeacherServiceImpl    : Dumping teacher data to file: ./teacher.json
2021-10-22 20:52:29.381  INFO 3168 --- [SpringApplicationShutdownHook] c.e.e.service.impl.AdminServiceImpl      : Dumping current admin account to file: ./admin.json
