1633851336252:clear
1633851337531:help
1633851343475:history
1633851345971:exit
1633852905932:help
1633852919753:a
1633852924123:stacktrace
1633853272425:script
1633853273985:help
1633853279304:history
1633853282362:exit
1633853815294:login student
1633854011757:login admin
1633854018043:login AMDIN
1633854035905:exit
1633854196817:login admin
1633854201590:login student
1633854205303:login teacher
1633854207628:exit
1633854215883:login
1633854221296:help
1633856694230:login admin
1633856698208:login teacher
1633856700797:login student
1633856702123:exit
1633857192619:login admin
1633857194555:exit
1634027666041:login admin
1634027739190:login
1634027743553:login admin
1634028079365:exit
1634028455334:login admin
1634028457945:exit
1634028802226:login admin
1634028803943:exit
1634029023806:login admin
1634029126423:exit
1634030115733:login
1634030122427:login admin
1634030128760:login teacher
1634030135609:exit
1634036075629:hello
1634036080184:exit
1634036167714:login hello
1634036175577:login admin
1634036178354:login hello
1634036181115:login 123
1634036182894:exit
1634036222603:login hello
1634036224665:help
1634036233731:exit
1634036254908:login hello
1634036256452:help
1634036282664:login hello
1634036284677:help
1634036292290:exit
1634212311029:help
1634212313057:exit
1634212514548:login hello
1634212521319:exit
1634214922640:login
1634214926774:login admin
1634214931564:exit
1634216931248:login admin
1634217106432:login admin admin 123456
1634217112440:exit
1634217505270:login admin admin admin
1634217506814:exit
1634218821820:login admin admin 1234
1634218825315:exit
1634218993036:login admin admin 1234
1634218999307:exit
1634220872483:login admin admin 1234
1634220875728:exit
1634277699098:login admin admin 1234
1634277715808:exit
1634278228333:login admin --account admin --password 1234
1634278230407:exit
1634304959572:login admin admin 1234
1634304991837:exit
1634305016271:login admin admin 1234
1634305029801:exit
1634305087406:login admin admin 1234
1634305542113:exit
1634305571583:login admin admin 1234
1634305582305:exit
1634802556937:logout
1634802567966:login admin admin 1234
1634802571974:logout
1634802574841:exit
1634831075621:logout
1634831077384:exit
1634891580070:login admin admin 1234
1634891728180:exit
1634900686086:login admin admin 1234
1634900691265:help
1634900702606:logout
1634900704712:help
1634900758872:exit
1634900776583:help
1634900788299:help logout
1634900802245:login admin admin 1234
1634900814257:admin update lielie 010125
1634900826753:logout
1634900836052:login admin lielie 010125
1634900862899:admin update
1634900866924:logout
1634900880964:login admin lielie 010125
1634900890698:admin update admin 1234
1634900892820:exit
1634901151923:login admin admin 1234
1634901161377:list teacher
1634901163935:exit
1634901260081:login admin admin 1234
1634901264902:list teacher
1634901268334:exit
1634902261988:login admin admin 1234
1634902290630:add teacher 2019123 teacher1 孙强 admin
1634902296246:list teacher
1634902302533:exit
1634902466724:login admin admin 1234
1634902469938:list teacher
1634902474212:exit
1634902589960:help
1634902641545:login admin admin 1234
1634902654244:help add teacher
1634902660905:add teacher help
1634902666630:help
1634902721810:add teacher 2019123 admin 孙强 admin
1634902725710:exit
1634902961380:login admin admin 1234
1634902965031:list teacher
1634902968915:clear
1634902988212:add teacher 2019124 teacher1 孙强
1634903003812:add teacher 2019124 teacher2 郑培杰
1634903035684:list teacher
1634903038492:exit
1634904013701:login admin admin 1234
1634904016384:list teacher
1634904018256:exit
1634904093292:login admin admin 1234
1634904095710:list teacher
1634904103385:remove teacher 2019124
1634904114274:exit
1634904383103:login admin admin 1234
1634904386472:list teacher
1634904404007:add teacher 2019124 teacher2 郑培杰 admin
1634904414209:remove teacher 2019124
1634904418203:exit
1634905227054:login admin admin
1634905233699:login admin admin 1234
1634905240251:list teacher
1634905251062:reset teacher 2019123
1634905255602:exit
1634905463705:login admin admin 1234
1634905469181:reset teacher 2019123
1634905473331:exit
1634905525324:login admin admin
1634905531891:login admin admin 1234
1634905540113:reset teacher 2019123
1634905577397:exit
1634905670208:login admin admin 1234
1634905676526:reset teacher 2019123
1634905691814:exit
1634906659288:login admin admin 1234
1634906660988:help
1634906669880:logout
1634906671908:help
1634906677602:exit
1634906792229:login teacher teacher1 123456
1634906802681:login teacher admin 123456
1634906807423:login admin admin 1234
1634906809888:list teacher
1634906816144:logout
1634906824880:login teacher teacher1 123456
1634906873210:exit
1634906908474:login teacher teacher1 123456
1634907119730:exit
1634907144607:login teacher teacher1 123456
1634907149365:exit
